<?xml version="1.0" encoding="UTF-8"?>
<testsuite name="Tests" tests="3" skipped="0" failures="0" errors="0" timestamp="2023-07-17T17:42:57" hostname="DESKTOP-TU12RMC" time="3.018">
  <properties/>
  <testcase name="invokePredictions()" classname="Tests" time="1.292"/>
  <testcase name="testHaversineFormula()" classname="Tests" time="0.783"/>
  <testcase name="invokeTest()" classname="Tests" time="0.941"/>
  <system-out><![CDATA[[-9.0, -9.0, -9.0, -9.0, -9.0, -9.0, -9.0, -9.0]
[20.0, 20.0, 20.0, 20.0, 20.0]
[13.0, 13.0, 13.0, 13.0, 13.0]
[datetime.datetime(2023, 3, 31, 0, 0), datetime.datetime(2023, 3, 30, 0, 0), datetime.datetime(2023, 3, 29, 0, 0), datetime.datetime(2023, 3, 28, 0, 0), datetime.datetime(2023, 3, 27, 0, 0), datetime.datetime(2023, 3, 26, 0, 0), datetime.datetime(2023, 3, 25, 0, 0), datetime.datetime(2023, 3, 24, 0, 0)]
[datetime.datetime(2023, 4, 1, 0, 0), datetime.datetime(2023, 4, 2, 0, 0), datetime.datetime(2023, 4, 3, 0, 0), datetime.datetime(2023, 4, 4, 0, 0), datetime.datetime(2023, 4, 5, 0, 0)]
test
test
test
[{"Data":"2023-04-01","Consumo":-16.270974323},{"Data":"2023-04-02","Consumo":-16.270974323},{"Data":"2023-04-03","Consumo":-16.270974323},{"Data":"2023-04-04","Consumo":-15.7833561393},{"Data":"2023-04-05","Consumo":-15.2957379555}]
Python script executed successfully.
[{"Data":"2023-04-01","Consumo":-16.270974323},{"Data":"2023-04-02","Consumo":-16.270974323},{"Data":"2023-04-03","Consumo":-16.270974323},{"Data":"2023-04-04","Consumo":-15.7833561393},{"Data":"2023-04-05","Consumo":-15.2957379555}]
Sines distance: 94.18919700145098
Horta distance: 1768.6642110778994
Funchal distance: 913.3898758124705
Braga distance: 488.74983579107237
Aveiro distance: 388.06516911368635
Viseu distance: 393.4074167728649
Guarda distance: 391.90017800544035
Portimão distance: 0.5401739908738048
Ponta Delgada distance: 1512.646210587373
Leiria distance: 289.5397125260533
Porto Santo distance: 842.9932117189012
Setúbal distance: 155.79137796376793
Vila do Corvo distance: 1983.105921215655
Loulé distance: 44.765575939669056
Santa Cruz das Flores distance: 1983.7217957996768
Faro distance: 54.70711352522289
Portalegre distance: 256.4986561134125
Beja distance: 112.382042677149
Angra do Heroísmo distance: 1645.8559269042553
Porto distance: 445.4512213597151
Velas distance: 1732.0744493311715
Lisboa distance: 187.0234277468531
Castelo Branco distance: 309.99103795946394
Guimarães distance: 477.5094331189523
Viana do Castelo distance: 505.80133169630676
Bragança distance: 539.253268637159
Sagres distance: 39.82136185064087
Madalena distance: 1759.299224602328
Évora distance: 166.5776597929189
Santa Cruz da Graciosa distance: 1713.818059045287
Penhas Douradas distance: 371.31584796058166
Vila do Porto distance: 1472.7775136083046
Vila Real distance: 466.60759883989317
Santarém distance: 228.41492194619914
Coimbra distance: 339.85985821578953
Python script encountered an error. Exit code: 1
Result JSON:
ValueError: Found array with 0 sample(s) (shape=(0, 4)) while a minimum of 1 is required by LinearRegression.
]]></system-out>
  <system-err><![CDATA[]]></system-err>
</testsuite>
