<?xml version="1.0" encoding="UTF-8"?>
<testsuite name="Tests" tests="1" skipped="0" failures="0" errors="0" timestamp="2023-07-13T13:19:46" hostname="DESKTOP-TU12RMC" time="1.255">
  <properties/>
  <testcase name="invokePredictions()" classname="Tests" time="1.255"/>
  <system-out><![CDATA[[-9.0, -9.0, -9.0, -9.0, -9.0, -9.0, -9.0, -9.0]
[20.0, 20.0, 20.0, 20.0, 20.0]
[13.0, 13.0, 13.0, 13.0, 13.0]
[datetime.datetime(2023, 3, 31, 0, 0), datetime.datetime(2023, 3, 30, 0, 0), datetime.datetime(2023, 3, 29, 0, 0), datetime.datetime(2023, 3, 28, 0, 0), datetime.datetime(2023, 3, 27, 0, 0), datetime.datetime(2023, 3, 26, 0, 0), datetime.datetime(2023, 3, 25, 0, 0), datetime.datetime(2023, 3, 24, 0, 0)]
[datetime.datetime(2023, 4, 1, 0, 0), datetime.datetime(2023, 4, 2, 0, 0), datetime.datetime(2023, 4, 3, 0, 0), datetime.datetime(2023, 4, 4, 0, 0), datetime.datetime(2023, 4, 5, 0, 0)]
test
test
test
[{"Data":"2023-04-01","Consumo":-16.270974323},{"Data":"2023-04-02","Consumo":-16.270974323},{"Data":"2023-04-03","Consumo":-16.270974323},{"Data":"2023-04-04","Consumo":-15.7833561393},{"Data":"2023-04-05","Consumo":-15.2957379555}]
Python script executed successfully.
[{"Data":"2023-04-01","Consumo":-16.270974323},{"Data":"2023-04-02","Consumo":-16.270974323},{"Data":"2023-04-03","Consumo":-16.270974323},{"Data":"2023-04-04","Consumo":-15.7833561393},{"Data":"2023-04-05","Consumo":-15.2957379555}]
]]></system-out>
  <system-err><![CDATA[]]></system-err>
</testsuite>
